# JRE version: Java(TM) SE Runtime Environment (16.0.2+7) (build 16.0.2+7-67)
# Java VM: Java HotSpot(TM) 64-Bit Server VM (16.0.2+7-67, mixed mode, sharing, tiered, compressed oops, compressed class ptrs, g1 gc, linux-amd64)
GC Precious Log:
 CPUs: 8 total, 8 available
 Memory: 7722M
 Large Page Support: Disabled
 NUMA Support: Disabled
 Compressed Oops: Enabled (32-bit)
 Heap Region Size: 1M
 Heap Min Capacity: 256M
 Heap Initial Capacity: 256M
 Heap Max Capacity: 512M
 Pre-touch: Disabled
 Parallel Workers: 8
 Concurrent Workers: 2
 Concurrent Refinement Workers: 8
 Periodic GC: Disabled
Heap:
 garbage-first heap   total 262144K, used 111374K [0x00000000e0000000, 0x0000000100000000)
  region size 1024K, 50 young (51200K), 10 survivors (10240K)
 Metaspace       used 70957K, committed 71744K, reserved 278528K
  class space    used 9396K, committed 9792K, reserved 212992K
GC Heap History (20 events):
Event: 549,050 GC heap after
{Heap after GC invocations=15 (full 0):
 garbage-first heap   total 262144K, used 59810K [0x00000000e0000000, 0x0000000100000000)
  region size 1024K, 10 young (10240K), 10 survivors (10240K)
 Metaspace       used 66532K, committed 67136K, reserved 278528K
  class space    used 8983K, committed 9280K, reserved 212992K
}
Event: 558,231 GC heap before
{Heap before GC invocations=15 (full 0):
 garbage-first heap   total 262144K, used 206242K [0x00000000e0000000, 0x0000000100000000)
  region size 1024K, 153 young (156672K), 10 survivors (10240K)
 Metaspace       used 68476K, committed 69056K, reserved 278528K
  class space    used 9204K, committed 9472K, reserved 212992K
}
Event: 558,245 GC heap after
{Heap after GC invocations=16 (full 0):
 garbage-first heap   total 262144K, used 61431K [0x00000000e0000000, 0x0000000100000000)
  region size 1024K, 11 young (11264K), 11 survivors (11264K)
 Metaspace       used 68476K, committed 69056K, reserved 278528K
  class space    used 9204K, committed 9472K, reserved 212992K
}
Event: 1394,369 GC heap before
{Heap before GC invocations=16 (full 0):
 garbage-first heap   total 262144K, used 205815K [0x00000000e0000000, 0x0000000100000000)
  region size 1024K, 153 young (156672K), 11 survivors (11264K)
 Metaspace       used 70014K, committed 70656K, reserved 278528K
  class space    used 9345K, committed 9664K, reserved 212992K
}
Event: 1394,394 GC heap after
{Heap after GC invocations=17 (full 0):
 garbage-first heap   total 262144K, used 68582K [0x00000000e0000000, 0x0000000100000000)
  region size 1024K, 12 young (12288K), 12 survivors (12288K)
 Metaspace       used 70014K, committed 70656K, reserved 278528K
  class space    used 9345K, committed 9664K, reserved 212992K
}
Event: 1394,749 GC heap before
{Heap before GC invocations=17 (full 0):
 garbage-first heap   total 262144K, used 213990K [0x00000000e0000000, 0x0000000100000000)
  region size 1024K, 153 young (156672K), 12 survivors (12288K)
 Metaspace       used 70157K, committed 70848K, reserved 278528K
  class space    used 9352K, committed 9728K, reserved 212992K
}
Event: 1394,765 GC heap after
{Heap after GC invocations=18 (full 0):
 garbage-first heap   total 262144K, used 72108K [0x00000000e0000000, 0x0000000100000000)
  region size 1024K, 12 young (12288K), 12 survivors (12288K)
 Metaspace       used 70157K, committed 70848K, reserved 278528K
  class space    used 9352K, committed 9728K, reserved 212992K
}
Event: 1394,853 GC heap before
{Heap before GC invocations=18 (full 0):
 garbage-first heap   total 262144K, used 218540K [0x00000000e0000000, 0x0000000100000000)
  region size 1024K, 153 young (156672K), 12 survivors (12288K)
 Metaspace       used 70183K, committed 70848K, reserved 278528K
  class space    used 9354K, committed 9728K, reserved 212992K
}
Event: 1394,863 GC heap after
{Heap after GC invocations=19 (full 0):
 garbage-first heap   total 262144K, used 71593K [0x00000000e0000000, 0x0000000100000000)
  region size 1024K, 10 young (10240K), 10 survivors (10240K)
 Metaspace       used 70183K, committed 70848K, reserved 278528K
  class space    used 9354K, committed 9728K, reserved 212992K
}
Event: 1394,951 GC heap before
{Heap before GC invocations=19 (full 0):
 garbage-first heap   total 262144K, used 220073K [0x00000000e0000000, 0x0000000100000000)
  region size 1024K, 153 young (156672K), 10 survivors (10240K)
 Metaspace       used 70190K, committed 70912K, reserved 278528K
  class space    used 9354K, committed 9728K, reserved 212992K
}
Event: 1394,960 GC heap after
{Heap after GC invocations=20 (full 0):
 garbage-first heap   total 262144K, used 72073K [0x00000000e0000000, 0x0000000100000000)
  region size 1024K, 10 young (10240K), 10 survivors (10240K)
 Metaspace       used 70190K, committed 70912K, reserved 278528K
  class space    used 9354K, committed 9728K, reserved 212992K
}
Event: 1404,342 GC heap before
{Heap before GC invocations=20 (full 0):
 garbage-first heap   total 262144K, used 218505K [0x00000000e0000000, 0x0000000100000000)
  region size 1024K, 153 young (156672K), 10 survivors (10240K)
 Metaspace       used 70425K, committed 71104K, reserved 278528K
  class space    used 9369K, committed 9728K, reserved 212992K
}
Event: 1404,345 GC heap after
{Heap after GC invocations=21 (full 0):
 garbage-first heap   total 262144K, used 63813K [0x00000000e0000000, 0x0000000100000000)
  region size 1024K, 3 young (3072K), 3 survivors (3072K)
 Metaspace       used 70425K, committed 71104K, reserved 278528K
  class space    used 9369K, committed 9728K, reserved 212992K
}
Event: 1473,915 GC heap before
{Heap before GC invocations=21 (full 0):
 garbage-first heap   total 262144K, used 216389K [0x00000000e0000000, 0x0000000100000000)
  region size 1024K, 153 young (156672K), 3 survivors (3072K)
 Metaspace       used 70800K, committed 71552K, reserved 278528K
  class space    used 9390K, committed 9792K, reserved 212992K
}
Event: 1473,925 GC heap after
{Heap after GC invocations=22 (full 0):
 garbage-first heap   total 262144K, used 70124K [0x00000000e0000000, 0x0000000100000000)
  region size 1024K, 10 young (10240K), 10 survivors (10240K)
 Metaspace       used 70800K, committed 71552K, reserved 278528K
  class space    used 9390K, committed 9792K, reserved 212992K
}
Event: 1474,123 GC heap before
{Heap before GC invocations=22 (full 0):
 garbage-first heap   total 262144K, used 218604K [0x00000000e0000000, 0x0000000100000000)
  region size 1024K, 153 young (156672K), 10 survivors (10240K)
 Metaspace       used 70810K, committed 71616K, reserved 278528K
  class space    used 9390K, committed 9792K, reserved 212992K
}
Event: 1474,130 GC heap after
{Heap after GC invocations=23 (full 0):
 garbage-first heap   total 262144K, used 72073K [0x00000000e0000000, 0x0000000100000000)
  region size 1024K, 10 young (10240K), 10 survivors (10240K)
 Metaspace       used 70810K, committed 71616K, reserved 278528K
  class space    used 9390K, committed 9792K, reserved 212992K
}
Event: 2556,864 GC heap before
{Heap before GC invocations=23 (full 0):
 garbage-first heap   total 262144K, used 219529K [0x00000000e0000000, 0x0000000100000000)
  region size 1024K, 153 young (156672K), 10 survivors (10240K)
 Metaspace       used 70928K, committed 71744K, reserved 278528K
  class space    used 9395K, committed 9792K, reserved 212992K
}
Event: 2556,944 GC heap after
{Heap after GC invocations=24 (full 0):
 garbage-first heap   total 262144K, used 70709K [0x00000000e0000000, 0x0000000100000000)
  region size 1024K, 10 young (10240K), 10 survivors (10240K)
 Metaspace       used 70928K, committed 71744K, reserved 278528K
  class space    used 9395K, committed 9792K, reserved 212992K
}
Event: 4106,541 GC heap before
{Heap before GC invocations=24 (full 0):
 garbage-first heap   total 262144K, used 110645K [0x00000000e0000000, 0x0000000100000000)
  region size 1024K, 50 young (51200K), 10 survivors (10240K)
 Metaspace       used 70957K, committed 71744K, reserved 278528K
  class space    used 9396K, committed 9792K, reserved 212992K
}

